<?xml version="1.0" encoding="UTF-8"?>
<testsuite xmlns:xsi="http://www.w3.org/2001/XMLSchema-instance" xsi:noNamespaceSchemaLocation="https://maven.apache.org/surefire/maven-surefire-plugin/xsd/surefire-test-report-3.0.xsd" version="3.0" name="com.example.CreateSetTest" time="0.747" tests="3" errors="0" skipped="0" failures="0">
  <properties>
[...]
</properties>
  <testcase name="testCreateSet_Success" classname="com.example.CreateSetTest" time="0.259"/>
  <testcase name="testCreateSet_InvalidInputs" classname="com.example.CreateSetTest" time="0.003"/>
  <testcase name="testCreateSet_AlreadyExists" classname="com.example.CreateSetTest" time="0.005"/>
</testsuite>